<?xml version="1.0" encoding="UTF-8"?>
<!-- Generated by org.testng.reporters.JUnitReportReporter -->
<testsuite hostname="DESKTOP-FNF43CG" failures="0" tests="1" name="testCases.TC007_AddressBookTest" time="7.297" errors="0" timestamp="2025-07-29T21:13:07 IST" skipped="0">
  <testcase classname="testCases.TC007_AddressBookTest" name="verifyAddressBookPage" time="7.297"/>
</testsuite> <!-- testCases.TC007_AddressBookTest -->
