<?xml version="1.0" encoding="UTF-8"?>
<!-- Generated by org.testng.reporters.JUnitReportReporter -->
<testsuite hostname="DESKTOP-FNF43CG" failures="0" tests="1" name="testCases.TC004_EdtPersonnelDetails" time="12.272" errors="0" timestamp="2025-07-26T15:34:36 IST" skipped="0">
  <testcase classname="testCases.TC004_EdtPersonnelDetails" name="EditAccoutInformation" time="12.272"/>
</testsuite> <!-- testCases.TC004_EdtPersonnelDetails -->
