<?xml version="1.0" encoding="UTF-8"?>
<!-- Generated by org.testng.reporters.JUnitReportReporter -->
<testsuite hostname="DESKTOP-FNF43CG" failures="0" tests="1" name="testCases.TC002_LoginTest" time="273.722" errors="0" timestamp="2025-08-11T12:17:10 IST" skipped="0">
  <testcase classname="testCases.TC002_LoginTest" name="verify_Login" time="273.722"/>
</testsuite> <!-- testCases.TC002_LoginTest -->
