<?xml version="1.0" encoding="UTF-8"?>
<!-- Generated by org.testng.reporters.JUnitReportReporter -->
<testsuite hostname="DESKTOP-FNF43CG" failures="0" tests="1" name="testCases.TC002_LoginTest" time="5.301" errors="0" timestamp="2025-07-13T14:38:17 IST" skipped="0">
  <testcase classname="testCases.TC002_LoginTest" name="verify_Login" time="5.301"/>
</testsuite> <!-- testCases.TC002_LoginTest -->
