<?xml version="1.0" encoding="UTF-8"?>
<!-- Generated by org.testng.reporters.JUnitReportReporter -->
<testsuite hostname="DESKTOP-FNF43CG" failures="0" tests="1" name="testCases.TC006_SearchTest" time="3.735" errors="0" timestamp="2025-07-29T15:17:03 IST" skipped="0">
  <testcase classname="testCases.TC006_SearchTest" name="TC006_verifysearch" time="3.735"/>
</testsuite> <!-- testCases.TC006_SearchTest -->
