<?xml version="1.0" encoding="UTF-8"?>
<!-- Generated by org.testng.reporters.JUnitReportReporter -->
<testsuite hostname="DESKTOP-FNF43CG" failures="0" tests="1" name="testCases.TC009_MP3PlayerAddToCartTest" time="6.040" errors="0" timestamp="2025-08-08T19:16:35 IST" skipped="0">
  <testcase classname="testCases.TC009_MP3PlayerAddToCartTest" name="verify_MP3PlayerAddToCartFeature" time="6.040"/>
</testsuite> <!-- testCases.TC009_MP3PlayerAddToCartTest -->
