<?xml version="1.0" encoding="UTF-8"?>
<!-- Generated by org.testng.reporters.JUnitReportReporter -->
<testsuite hostname="DESKTOP-FNF43CG" failures="0" tests="1" name="testCases.TC008_EditAddressBook" time="6.791" errors="0" timestamp="2025-07-30T11:59:26 IST" skipped="0">
  <testcase classname="testCases.TC008_EditAddressBook" name="EditAddressBook" time="6.791"/>
</testsuite> <!-- testCases.TC008_EditAddressBook -->
