<?xml version="1.0" encoding="UTF-8"?>
<!-- Generated by org.testng.reporters.JUnitReportReporter -->
<testsuite hostname="DESKTOP-FNF43CG" failures="0" tests="1" name="testCases.TC005_CheckoutTest" time="7.839" errors="0" timestamp="2025-07-29T15:31:46 IST" skipped="0">
  <testcase classname="testCases.TC005_CheckoutTest" name="Verify_checkoutonHomePage" time="7.839"/>
</testsuite> <!-- testCases.TC005_CheckoutTest -->
